<?xml version="1.0" encoding="UTF-8"?>
<testng-results ignored="0" total="2" passed="2" failed="0" skipped="0">
  <reporter-output>
  </reporter-output>
  <suite started-at="2022-09-24T14:18:11 IST" name="Suite" finished-at="2022-09-24T14:18:28 IST" duration-ms="17645">
    <groups>
    </groups>
    <test started-at="2022-09-24T14:18:11 IST" name="Test1" finished-at="2022-09-24T14:18:26 IST" duration-ms="15637">
      <class name="demo.Parallel1">
        <test-method signature="exec1(java.lang.String)[pri:0, instance:demo.Parallel1@40cb8df7]" started-at="2022-09-24T14:18:11 IST" name="exec1" finished-at="2022-09-24T14:18:26 IST" duration-ms="15556" status="PASS">
          <params>
            <param index="0">
              <value>
                <![CDATA[firefox]]>
              </value>
            </param>
          </params>
          <reporter-output>
          </reporter-output>
        </test-method> <!-- exec1 -->
      </class> <!-- demo.Parallel1 -->
    </test> <!-- Test1 -->
    <test started-at="2022-09-24T14:18:11 IST" name="Test2" finished-at="2022-09-24T14:18:28 IST" duration-ms="17645">
      <class name="demo.Parallel1">
        <test-method signature="exec1(java.lang.String)[pri:0, instance:demo.Parallel1@69997e9d]" started-at="2022-09-24T14:18:11 IST" name="exec1" finished-at="2022-09-24T14:18:28 IST" duration-ms="17571" status="PASS">
          <params>
            <param index="0">
              <value>
                <![CDATA[chrome]]>
              </value>
            </param>
          </params>
          <reporter-output>
          </reporter-output>
        </test-method> <!-- exec1 -->
      </class> <!-- demo.Parallel1 -->
    </test> <!-- Test2 -->
  </suite> <!-- Suite -->
</testng-results>
